DEBUG:peewee:('SELECT `t1`.`id`, `t1`.`name`, `t1`.`email`, `t1`.`password`, `t1`.`is_active` FROM `user` AS `t1` WHERE (`t1`.`is_active` = %s)', [True])
DEBUG:peewee:('SELECT `t1`.`id`, `t1`.`name`, `t1`.`email`, `t1`.`password`, `t1`.`is_active` FROM `user` AS `t1` WHERE (`t1`.`is_active` = %s)', [True])
DEBUG:root:Traceback (most recent call last):
  File "/usr/src/app/project/services/user_service.py", line 26, in add
    result = UserBusiness().add(body)
  File "/usr/src/app/project/business/user_business.py", line 35, in add
    "password": self.hash_password(body["password"]) if 'password' in body else None
TypeError: hash_password() takes 1 positional argument but 2 were given

DEBUG:root:Traceback (most recent call last):
  File "/usr/src/app/project/services/user_service.py", line 26, in add
    result = UserBusiness().add(body)
  File "/usr/src/app/project/business/user_business.py", line 35, in add
    "password": self.hash_password(body["password"]) if "password" in body else None
TypeError: hash_password() takes 1 positional argument but 2 were given

DEBUG:root:Traceback (most recent call last):
  File "/usr/src/app/project/services/user_service.py", line 26, in add
    result = UserBusiness().add(body)
  File "/usr/src/app/project/business/user_business.py", line 30, in add
    print(body)
UnicodeEncodeError: 'ascii' codec can't encode character '\xe1' in position 21: ordinal not in range(128)

DEBUG:root:Traceback (most recent call last):
  File "/usr/src/app/project/services/user_service.py", line 26, in add
    result = UserBusiness().add(body)
  File "/usr/src/app/project/business/user_business.py", line 30, in add
    print(body)
UnicodeEncodeError: 'ascii' codec can't encode character '\xe1' in position 21: ordinal not in range(128)

DEBUG:peewee:('SELECT `t1`.`id`, `t1`.`public_id`, `t1`.`name`, `t1`.`email`, `t1`.`password`, `t1`.`is_active` FROM `user` AS `t1` WHERE (`t1`.`public_id` = %s) LIMIT %s', ['fdb769c0-43b1-452c-9112-344e9f5f457a', 1])
DEBUG:root:Traceback (most recent call last):
  File "/usr/src/app/project/services/user_service.py", line 20, in search_specific
    return self.return_success("Sucesso", result)
  File "/usr/src/app/project/services/base_service.py", line 25, in return_success
    return make_response(jsonify({'code': 200, 'message': message, 'details': details}), 200)
  File "/usr/local/lib/python3.6/dist-packages/flask/json/__init__.py", line 370, in jsonify
    dumps(data, indent=indent, separators=separators) + "\n",
  File "/usr/local/lib/python3.6/dist-packages/flask/json/__init__.py", line 211, in dumps
    rv = _json.dumps(obj, **kwargs)
  File "/usr/lib/python3.6/json/__init__.py", line 238, in dumps
    **kw).encode(obj)
  File "/usr/lib/python3.6/json/encoder.py", line 201, in encode
    chunks = list(chunks)
  File "/usr/lib/python3.6/json/encoder.py", line 430, in _iterencode
    yield from _iterencode_dict(o, _current_indent_level)
  File "/usr/lib/python3.6/json/encoder.py", line 404, in _iterencode_dict
    yield from chunks
  File "/usr/lib/python3.6/json/encoder.py", line 437, in _iterencode
    o = _default(o)
  File "/usr/local/lib/python3.6/dist-packages/flask/json/__init__.py", line 100, in default
    return _json.JSONEncoder.default(self, o)
  File "/usr/lib/python3.6/json/encoder.py", line 180, in default
    o.__class__.__name__)
TypeError: Object of type 'UserRepository' is not JSON serializable

DEBUG:peewee:('SELECT `t1`.`id`, `t1`.`public_id`, `t1`.`name`, `t1`.`email`, `t1`.`password`, `t1`.`is_active` FROM `user` AS `t1` WHERE (`t1`.`public_id` = %s) LIMIT %s', ['fdb769c0-43b1-452c-9112-344e9f5f457a', 1])
DEBUG:peewee:('SELECT `t1`.`id`, `t1`.`public_id`, `t1`.`name`, `t1`.`email`, `t1`.`password`, `t1`.`is_active` FROM `user` AS `t1` WHERE (`t1`.`public_id` = %s) LIMIT %s', ['fdb769c0-43b1-452c-9112-344e9f5f457a', 1])
DEBUG:peewee:('SELECT `t1`.`id`, `t1`.`public_id`, `t1`.`name`, `t1`.`email`, `t1`.`password`, `t1`.`is_active` FROM `user` AS `t1` WHERE (`t1`.`public_id` = %s) LIMIT %s', ['fdb769c0-43b1-452c-9112-344e9f5f457a', 1])
DEBUG:peewee:('SELECT `t1`.`id`, `t1`.`public_id`, `t1`.`name`, `t1`.`email`, `t1`.`password`, `t1`.`is_active` FROM `user` AS `t1` WHERE (`t1`.`public_id` = %s) LIMIT %s', ['fdb769c0-43b1-452c-9112-344e9f5f457a', 1])
DEBUG:peewee:('SELECT `t1`.`id`, `t1`.`public_id`, `t1`.`name`, `t1`.`email`, `t1`.`password`, `t1`.`is_active` FROM `user` AS `t1` WHERE (`t1`.`public_id` = %s) LIMIT %s', ['fdb769c0-43b1-452c-9112-344e9f5f457a', 1])
DEBUG:peewee:('SELECT `t1`.`id`, `t1`.`public_id`, `t1`.`name`, `t1`.`email`, `t1`.`password`, `t1`.`is_active` FROM `user` AS `t1` WHERE (`t1`.`public_id` = %s) LIMIT %s', ['fdb769c0-43b1-452c-9112-344e9f5f457a', 1])
DEBUG:peewee:('SELECT `t1`.`id`, `t1`.`public_id`, `t1`.`name`, `t1`.`email`, `t1`.`password`, `t1`.`is_active` FROM `user` AS `t1` WHERE (`t1`.`public_id` = %s) LIMIT %s', ['fdb769c0-43b1-452c-9112-344e9f5f457a', 1])
DEBUG:peewee:('SELECT `t1`.`id`, `t1`.`public_id`, `t1`.`name`, `t1`.`email`, `t1`.`password`, `t1`.`is_active` FROM `user` AS `t1` WHERE (`t1`.`public_id` = %s) LIMIT %s', ['9d319a1c-d617-43ac-8bed-ecff36b1f7ab', 1])
DEBUG:peewee:('DELETE FROM `user` WHERE (`user`.`id` = %s)', [2])
